********************************************************************************
product = Open Liberty 19.0.0.6 (wlp-1.0.29.cl190620190617-1530)
wlp.install.dir = /Users/yunfanchen/Documents/GitHub/guide-microprofile-rest-client/start/target/liberty/wlp/
java.home = /Library/Java/JavaVirtualMachines/jdk-12.0.1.jdk/Contents/Home
java.version = 12.0.1
java.runtime = Java(TM) SE Runtime Environment (12.0.1+12)
os = Mac OS X (10.14.5; x86_64) (en_CN)
process = 66247@yunfanchens-mbp.cn.ibm.com
********************************************************************************
[7/8/19, 10:54:22:679 CST] 00000001 com.ibm.ws.kernel.launch.internal.FrameworkManager           A CWWKE0001I: The server defaultServer has been launched.
[7/8/19, 10:54:23:393 CST] 00000001 com.ibm.ws.kernel.launch.internal.FrameworkManager           I CWWKE0002I: The kernel started after 0.901 seconds
[7/8/19, 10:54:23:410 CST] 0000001e com.ibm.ws.kernel.feature.internal.FeatureManager            I CWWKF0007I: Feature update started.
[7/8/19, 10:54:23:513 CST] 00000015 .apache.cxf.cxf.core.3.2:1.0.29.cl190620190617-1530(id=136)] I Aries Blueprint packages not available. So namespaces will not be registered
[7/8/19, 10:54:23:515 CST] 00000015 .apache.cxf.cxf.core.3.2:1.0.29.cl190620190617-1530(id=136)] I Aries Blueprint packages not available. So namespaces will not be registered
[7/8/19, 10:54:23:697 CST] 00000015 com.ibm.ws.app.manager.internal.monitor.DropinMonitor        A CWWKZ0058I: Monitoring dropins for applications.
[7/8/19, 10:54:23:872 CST] 00000022 com.ibm.ws.tcpchannel.internal.TCPChannel                    I CWWKO0219I: TCP Channel defaultHttpEndpoint has been started and is now listening for requests on host *  (IPv6) port 9080.
[7/8/19, 10:54:24:340 CST] 00000028 com.ibm.ws.app.manager.AppMessageHelper                      I CWWKZ0018I: Starting application microprofile-rest-client.
[7/8/19, 10:54:24:341 CST] 00000028 bm.ws.app.manager.war.internal.WARDeployedAppInfoFactoryImpl I CWWKZ0134I: The microprofile-rest-client application is using the loose application definition at the /Users/yunfanchen/Documents/GitHub/guide-microprofile-rest-client/start/target/liberty/wlp/usr/servers/defaultServer/apps/microprofile-rest-client.war.xml location.
[7/8/19, 10:54:24:679 CST] 00000028 com.ibm.ws.session.WASSessionCore                            I SESN8501I: The session manager did not find a persistent storage location; HttpSession objects will be stored in the local application server's memory.
[7/8/19, 10:54:24:710 CST] 00000028 org.jboss.weld.Version                                       I WELD-000900: 3.1.1 (Final)
[7/8/19, 10:54:25:289 CST] 00000028 com.ibm.ws.webcontainer.osgi.webapp.WebGroup                 I SRVE0169I: Loading Web Module: Liberty Project.
[7/8/19, 10:54:25:291 CST] 00000028 com.ibm.ws.webcontainer                                      I SRVE0250I: Web Module Liberty Project has been bound to default_host.
[7/8/19, 10:54:25:292 CST] 00000028 com.ibm.ws.http.internal.VirtualHostImpl                     A CWWKT0016I: Web application available (default_host): http://yunfanchens-mbp.cn.ibm.com:9080/
[7/8/19, 10:54:25:296 CST] 00000028 com.ibm.ws.app.manager.AppMessageHelper                      A CWWKZ0001I: Application microprofile-rest-client started in 0.956 seconds.
[7/8/19, 10:54:25:310 CST] 00000030 com.ibm.ws.session.WASSessionCore                            I SESN0176I: A new session context will be created for application key default_host/
[7/8/19, 10:54:25:316 CST] 0000001e com.ibm.ws.kernel.feature.internal.FeatureManager            A CWWKF0012I: The server installed the following features: [cdi-2.0, jaxrs-2.1, jaxrsClient-2.1, jndi-1.0, jsonp-1.1, mpConfig-1.3, mpRestClient-1.2, servlet-4.0].
[7/8/19, 10:54:25:316 CST] 0000001e com.ibm.ws.kernel.feature.internal.FeatureManager            I CWWKF0008I: Feature update completed in 1.925 seconds.
[7/8/19, 10:54:25:317 CST] 0000001e com.ibm.ws.kernel.feature.internal.FeatureManager            A CWWKF0011I: The defaultServer server is ready to run a smarter planet. The defaultServer server started in 2.828 seconds.
[7/8/19, 10:54:25:321 CST] 00000030 com.ibm.ws.util                                              I SESN0172I: The session manager is using the Java default SecureRandom implementation for session ID generation.
[7/8/19, 10:54:25:334 CST] 00000029 com.ibm.ws.webcontainer.osgi.mbeans.PluginGenerator          I SRVE9103I: A configuration file for a web server plugin was automatically generated for this server at /Users/yunfanchen/Documents/GitHub/guide-microprofile-rest-client/start/target/liberty/wlp/usr/servers/defaultServer/logs/state/plugin-cfg.xml.
[7/8/19, 10:54:44:076 CST] 00000048 .apache.cxf.cxf.core.3.2:1.0.29.cl190620190617-1530(id=136)] I Setting the server's publish address to be /inventory/
[7/8/19, 10:54:44:127 CST] 00000048 com.ibm.ws.webcontainer.servlet                              I SRVE0242I: [microprofile-rest-client] [/] [io.openliberty.guides.inventory.InventoryApplication]: Initialization successful.
[7/8/19, 10:54:44:326 CST] 00000034 .apache.cxf.cxf.core.3.2:1.0.29.cl190620190617-1530(id=136)] I Setting the server's publish address to be /system/
[7/8/19, 10:54:44:330 CST] 00000034 com.ibm.ws.webcontainer.servlet                              I SRVE0242I: [microprofile-rest-client] [/] [io.openliberty.guides.system.SystemApplication]: Initialization successful.
[7/8/19, 10:54:44:413 CST] 00000048 penliberty.guides.inventory.client.UnknownUrlExceptionMapper I status = 200
[7/8/19, 10:55:14:447 CST] 00000013 com.ibm.ws.kernel.launch.internal.ServerCommandListener      A CWWKE0055I: Server shutdown requested on Monday, July 8, 2019 at 10:55 AM. The server defaultServer is shutting down.
[7/8/19, 10:55:14:450 CST] 00000057 com.ibm.ws.runtime.update.internal.RuntimeUpdateManagerImpl  A CWWKE1100I: Waiting for up to 30 seconds for the server to quiesce.
[7/8/19, 10:55:14:455 CST] 00000054 com.ibm.ws.tcpchannel.internal.TCPChannel                    I CWWKO0220I: TCP Channel defaultHttpEndpoint has stopped listening for requests on host *  (IPv6) port 9080.
[7/8/19, 10:55:14:456 CST] 00000054 com.ibm.ws.http.internal.VirtualHostImpl                     A CWWKT0017I: Web application removed (default_host): http://yunfanchens-mbp.cn.ibm.com:9080/
[7/8/19, 10:55:15:462 CST] 00000057 com.ibm.ws.runtime.update.internal.RuntimeUpdateManagerImpl  I CWWKE1101I: Server quiesce complete.
[7/8/19, 10:55:15:484 CST] 00000027 com.ibm.ws.webcontainer.servlet                              I SRVE0253I: [microprofile-rest-client] [/] [io.openliberty.guides.inventory.InventoryApplication]: Destroy successful.
[7/8/19, 10:55:15:485 CST] 00000027 com.ibm.ws.webcontainer.servlet                              I SRVE0253I: [microprofile-rest-client] [/] [io.openliberty.guides.system.SystemApplication]: Destroy successful.
[7/8/19, 10:55:15:495 CST] 00000027 com.ibm.ws.app.manager.AppMessageHelper                      A CWWKZ0009I: The application microprofile-rest-client has stopped successfully.
[7/8/19, 10:55:15:701 CST] 00000001 com.ibm.ws.kernel.launch.internal.FrameworkManager           A CWWKE0036I: The server defaultServer stopped after 53.214 seconds.
